Determining if the pthread_create exist failed with the following output:
Change Dir: /home/fabrizio/Documents/Progetto_HPC/example/Opencv_cuda_mat_passing/build/CMakeFiles/CMakeTmp

Run Build Command:"/usr/bin/make" "cmTC_e64ea/fast"
/usr/bin/make -f CMakeFiles/cmTC_e64ea.dir/build.make CMakeFiles/cmTC_e64ea.dir/build
make[1]: Entering directory '/home/fabrizio/Documents/Progetto_HPC/example/Opencv_cuda_mat_passing/build/CMakeFiles/CMakeTmp'
Building C object CMakeFiles/cmTC_e64ea.dir/CheckSymbolExists.c.o
/usr/bin/gcc-6   -fPIC    -o CMakeFiles/cmTC_e64ea.dir/CheckSymbolExists.c.o   -c /home/fabrizio/Documents/Progetto_HPC/example/Opencv_cuda_mat_passing/build/CMakeFiles/CMakeTmp/CheckSymbolExists.c
Linking C executable cmTC_e64ea
/usr/bin/cmake -E cmake_link_script CMakeFiles/cmTC_e64ea.dir/link.txt --verbose=1
/usr/bin/gcc-6 -fPIC     -rdynamic CMakeFiles/cmTC_e64ea.dir/CheckSymbolExists.c.o  -o cmTC_e64ea 
CMakeFiles/cmTC_e64ea.dir/CheckSymbolExists.c.o: In function `main':
CheckSymbolExists.c:(.text+0x1b): undefined reference to `pthread_create'
collect2: error: ld returned 1 exit status
CMakeFiles/cmTC_e64ea.dir/build.make:97: recipe for target 'cmTC_e64ea' failed
make[1]: *** [cmTC_e64ea] Error 1
make[1]: Leaving directory '/home/fabrizio/Documents/Progetto_HPC/example/Opencv_cuda_mat_passing/build/CMakeFiles/CMakeTmp'
Makefile:126: recipe for target 'cmTC_e64ea/fast' failed
make: *** [cmTC_e64ea/fast] Error 2

File /home/fabrizio/Documents/Progetto_HPC/example/Opencv_cuda_mat_passing/build/CMakeFiles/CMakeTmp/CheckSymbolExists.c:
/* */
#include <pthread.h>

int main(int argc, char** argv)
{
  (void)argv;
#ifndef pthread_create
  return ((int*)(&pthread_create))[argc];
#else
  (void)argc;
  return 0;
#endif
}

Determining if the function pthread_create exists in the pthreads failed with the following output:
Change Dir: /home/fabrizio/Documents/Progetto_HPC/example/Opencv_cuda_mat_passing/build/CMakeFiles/CMakeTmp

Run Build Command:"/usr/bin/make" "cmTC_e307a/fast"
/usr/bin/make -f CMakeFiles/cmTC_e307a.dir/build.make CMakeFiles/cmTC_e307a.dir/build
make[1]: Entering directory '/home/fabrizio/Documents/Progetto_HPC/example/Opencv_cuda_mat_passing/build/CMakeFiles/CMakeTmp'
Building C object CMakeFiles/cmTC_e307a.dir/CheckFunctionExists.c.o
/usr/bin/gcc-6   -fPIC -DCHECK_FUNCTION_EXISTS=pthread_create   -o CMakeFiles/cmTC_e307a.dir/CheckFunctionExists.c.o   -c /usr/share/cmake-3.10/Modules/CheckFunctionExists.c
Linking C executable cmTC_e307a
/usr/bin/cmake -E cmake_link_script CMakeFiles/cmTC_e307a.dir/link.txt --verbose=1
/usr/bin/gcc-6 -fPIC -DCHECK_FUNCTION_EXISTS=pthread_create    -rdynamic CMakeFiles/cmTC_e307a.dir/CheckFunctionExists.c.o  -o cmTC_e307a -lpthreads 
/usr/bin/x86_64-linux-gnu-ld: cannot find -lpthreads
collect2: error: ld returned 1 exit status
CMakeFiles/cmTC_e307a.dir/build.make:97: recipe for target 'cmTC_e307a' failed
make[1]: *** [cmTC_e307a] Error 1
make[1]: Leaving directory '/home/fabrizio/Documents/Progetto_HPC/example/Opencv_cuda_mat_passing/build/CMakeFiles/CMakeTmp'
Makefile:126: recipe for target 'cmTC_e307a/fast' failed
make: *** [cmTC_e307a/fast] Error 2


