Determining if the pthread_create exist failed with the following output:
Change Dir: /home/fabrizio/Documents/Progetto_HPC/example/video_reader/build/CMakeFiles/CMakeTmp

Run Build Command:"/usr/bin/make" "cmTC_9d8b6/fast"
/usr/bin/make -f CMakeFiles/cmTC_9d8b6.dir/build.make CMakeFiles/cmTC_9d8b6.dir/build
make[1]: Entering directory '/home/fabrizio/Documents/Progetto_HPC/example/video_reader/build/CMakeFiles/CMakeTmp'
Building C object CMakeFiles/cmTC_9d8b6.dir/CheckSymbolExists.c.o
/usr/bin/cc   -fPIC    -o CMakeFiles/cmTC_9d8b6.dir/CheckSymbolExists.c.o   -c /home/fabrizio/Documents/Progetto_HPC/example/video_reader/build/CMakeFiles/CMakeTmp/CheckSymbolExists.c
Linking C executable cmTC_9d8b6
/usr/bin/cmake -E cmake_link_script CMakeFiles/cmTC_9d8b6.dir/link.txt --verbose=1
/usr/bin/cc -fPIC     -rdynamic CMakeFiles/cmTC_9d8b6.dir/CheckSymbolExists.c.o  -o cmTC_9d8b6 
CMakeFiles/cmTC_9d8b6.dir/CheckSymbolExists.c.o: In function `main':
CheckSymbolExists.c:(.text+0x1b): undefined reference to `pthread_create'
collect2: error: ld returned 1 exit status
CMakeFiles/cmTC_9d8b6.dir/build.make:97: recipe for target 'cmTC_9d8b6' failed
make[1]: *** [cmTC_9d8b6] Error 1
make[1]: Leaving directory '/home/fabrizio/Documents/Progetto_HPC/example/video_reader/build/CMakeFiles/CMakeTmp'
Makefile:126: recipe for target 'cmTC_9d8b6/fast' failed
make: *** [cmTC_9d8b6/fast] Error 2

File /home/fabrizio/Documents/Progetto_HPC/example/video_reader/build/CMakeFiles/CMakeTmp/CheckSymbolExists.c:
/* */
#include <pthread.h>

int main(int argc, char** argv)
{
  (void)argv;
#ifndef pthread_create
  return ((int*)(&pthread_create))[argc];
#else
  (void)argc;
  return 0;
#endif
}

Determining if the function pthread_create exists in the pthreads failed with the following output:
Change Dir: /home/fabrizio/Documents/Progetto_HPC/example/video_reader/build/CMakeFiles/CMakeTmp

Run Build Command:"/usr/bin/make" "cmTC_8999c/fast"
/usr/bin/make -f CMakeFiles/cmTC_8999c.dir/build.make CMakeFiles/cmTC_8999c.dir/build
make[1]: Entering directory '/home/fabrizio/Documents/Progetto_HPC/example/video_reader/build/CMakeFiles/CMakeTmp'
Building C object CMakeFiles/cmTC_8999c.dir/CheckFunctionExists.c.o
/usr/bin/cc   -fPIC -DCHECK_FUNCTION_EXISTS=pthread_create   -o CMakeFiles/cmTC_8999c.dir/CheckFunctionExists.c.o   -c /usr/share/cmake-3.10/Modules/CheckFunctionExists.c
Linking C executable cmTC_8999c
/usr/bin/cmake -E cmake_link_script CMakeFiles/cmTC_8999c.dir/link.txt --verbose=1
/usr/bin/cc -fPIC -DCHECK_FUNCTION_EXISTS=pthread_create    -rdynamic CMakeFiles/cmTC_8999c.dir/CheckFunctionExists.c.o  -o cmTC_8999c -lpthreads 
/usr/bin/ld: cannot find -lpthreads
collect2: error: ld returned 1 exit status
CMakeFiles/cmTC_8999c.dir/build.make:97: recipe for target 'cmTC_8999c' failed
make[1]: *** [cmTC_8999c] Error 1
make[1]: Leaving directory '/home/fabrizio/Documents/Progetto_HPC/example/video_reader/build/CMakeFiles/CMakeTmp'
Makefile:126: recipe for target 'cmTC_8999c/fast' failed
make: *** [cmTC_8999c/fast] Error 2


