Determining if the pthread_create exist failed with the following output:
Change Dir: /home/fabrizio/Documents/BirdEyeView/example/BirdsEyeView_CUDA/build/CMakeFiles/CMakeTmp

Run Build Command:"/usr/bin/make" "cmTC_c625b/fast"
/usr/bin/make -f CMakeFiles/cmTC_c625b.dir/build.make CMakeFiles/cmTC_c625b.dir/build
make[1]: Entering directory '/home/fabrizio/Documents/BirdEyeView/example/BirdsEyeView_CUDA/build/CMakeFiles/CMakeTmp'
Building C object CMakeFiles/cmTC_c625b.dir/CheckSymbolExists.c.o
/usr/bin/cc   -fPIC    -o CMakeFiles/cmTC_c625b.dir/CheckSymbolExists.c.o   -c /home/fabrizio/Documents/BirdEyeView/example/BirdsEyeView_CUDA/build/CMakeFiles/CMakeTmp/CheckSymbolExists.c
Linking C executable cmTC_c625b
/usr/bin/cmake -E cmake_link_script CMakeFiles/cmTC_c625b.dir/link.txt --verbose=1
/usr/bin/cc -fPIC     -rdynamic CMakeFiles/cmTC_c625b.dir/CheckSymbolExists.c.o  -o cmTC_c625b 
CMakeFiles/cmTC_c625b.dir/CheckSymbolExists.c.o: In function `main':
CheckSymbolExists.c:(.text+0x1b): undefined reference to `pthread_create'
collect2: error: ld returned 1 exit status
CMakeFiles/cmTC_c625b.dir/build.make:97: recipe for target 'cmTC_c625b' failed
make[1]: *** [cmTC_c625b] Error 1
make[1]: Leaving directory '/home/fabrizio/Documents/BirdEyeView/example/BirdsEyeView_CUDA/build/CMakeFiles/CMakeTmp'
Makefile:126: recipe for target 'cmTC_c625b/fast' failed
make: *** [cmTC_c625b/fast] Error 2

File /home/fabrizio/Documents/BirdEyeView/example/BirdsEyeView_CUDA/build/CMakeFiles/CMakeTmp/CheckSymbolExists.c:
/* */
#include <pthread.h>

int main(int argc, char** argv)
{
  (void)argv;
#ifndef pthread_create
  return ((int*)(&pthread_create))[argc];
#else
  (void)argc;
  return 0;
#endif
}

Determining if the function pthread_create exists in the pthreads failed with the following output:
Change Dir: /home/fabrizio/Documents/BirdEyeView/example/BirdsEyeView_CUDA/build/CMakeFiles/CMakeTmp

Run Build Command:"/usr/bin/make" "cmTC_aa994/fast"
/usr/bin/make -f CMakeFiles/cmTC_aa994.dir/build.make CMakeFiles/cmTC_aa994.dir/build
make[1]: Entering directory '/home/fabrizio/Documents/BirdEyeView/example/BirdsEyeView_CUDA/build/CMakeFiles/CMakeTmp'
Building C object CMakeFiles/cmTC_aa994.dir/CheckFunctionExists.c.o
/usr/bin/cc   -fPIC -DCHECK_FUNCTION_EXISTS=pthread_create   -o CMakeFiles/cmTC_aa994.dir/CheckFunctionExists.c.o   -c /usr/share/cmake-3.10/Modules/CheckFunctionExists.c
Linking C executable cmTC_aa994
/usr/bin/cmake -E cmake_link_script CMakeFiles/cmTC_aa994.dir/link.txt --verbose=1
/usr/bin/cc -fPIC -DCHECK_FUNCTION_EXISTS=pthread_create    -rdynamic CMakeFiles/cmTC_aa994.dir/CheckFunctionExists.c.o  -o cmTC_aa994 -lpthreads 
/usr/bin/ld: cannot find -lpthreads
collect2: error: ld returned 1 exit status
CMakeFiles/cmTC_aa994.dir/build.make:97: recipe for target 'cmTC_aa994' failed
make[1]: *** [cmTC_aa994] Error 1
make[1]: Leaving directory '/home/fabrizio/Documents/BirdEyeView/example/BirdsEyeView_CUDA/build/CMakeFiles/CMakeTmp'
Makefile:126: recipe for target 'cmTC_aa994/fast' failed
make: *** [cmTC_aa994/fast] Error 2


