Determining if the pthread_create exist failed with the following output:
Change Dir: /home/fabrizio/Documents/Progetto_HPC/build/CMakeFiles/CMakeTmp

Run Build Command:"/usr/bin/make" "cmTC_7d2c4/fast"
/usr/bin/make -f CMakeFiles/cmTC_7d2c4.dir/build.make CMakeFiles/cmTC_7d2c4.dir/build
make[1]: Entering directory '/home/fabrizio/Documents/Progetto_HPC/build/CMakeFiles/CMakeTmp'
Building C object CMakeFiles/cmTC_7d2c4.dir/CheckSymbolExists.c.o
/usr/bin/gcc-6   -fPIC    -o CMakeFiles/cmTC_7d2c4.dir/CheckSymbolExists.c.o   -c /home/fabrizio/Documents/Progetto_HPC/build/CMakeFiles/CMakeTmp/CheckSymbolExists.c
Linking C executable cmTC_7d2c4
/usr/bin/cmake -E cmake_link_script CMakeFiles/cmTC_7d2c4.dir/link.txt --verbose=1
/usr/bin/gcc-6 -fPIC     -rdynamic CMakeFiles/cmTC_7d2c4.dir/CheckSymbolExists.c.o  -o cmTC_7d2c4 
CMakeFiles/cmTC_7d2c4.dir/CheckSymbolExists.c.o: In function `main':
CheckSymbolExists.c:(.text+0x1b): undefined reference to `pthread_create'
collect2: error: ld returned 1 exit status
CMakeFiles/cmTC_7d2c4.dir/build.make:97: recipe for target 'cmTC_7d2c4' failed
make[1]: *** [cmTC_7d2c4] Error 1
make[1]: Leaving directory '/home/fabrizio/Documents/Progetto_HPC/build/CMakeFiles/CMakeTmp'
Makefile:126: recipe for target 'cmTC_7d2c4/fast' failed
make: *** [cmTC_7d2c4/fast] Error 2

File /home/fabrizio/Documents/Progetto_HPC/build/CMakeFiles/CMakeTmp/CheckSymbolExists.c:
/* */
#include <pthread.h>

int main(int argc, char** argv)
{
  (void)argv;
#ifndef pthread_create
  return ((int*)(&pthread_create))[argc];
#else
  (void)argc;
  return 0;
#endif
}

Determining if the function pthread_create exists in the pthreads failed with the following output:
Change Dir: /home/fabrizio/Documents/Progetto_HPC/build/CMakeFiles/CMakeTmp

Run Build Command:"/usr/bin/make" "cmTC_c4824/fast"
/usr/bin/make -f CMakeFiles/cmTC_c4824.dir/build.make CMakeFiles/cmTC_c4824.dir/build
make[1]: Entering directory '/home/fabrizio/Documents/Progetto_HPC/build/CMakeFiles/CMakeTmp'
Building C object CMakeFiles/cmTC_c4824.dir/CheckFunctionExists.c.o
/usr/bin/gcc-6   -fPIC -DCHECK_FUNCTION_EXISTS=pthread_create   -o CMakeFiles/cmTC_c4824.dir/CheckFunctionExists.c.o   -c /usr/share/cmake-3.10/Modules/CheckFunctionExists.c
Linking C executable cmTC_c4824
/usr/bin/cmake -E cmake_link_script CMakeFiles/cmTC_c4824.dir/link.txt --verbose=1
/usr/bin/gcc-6 -fPIC -DCHECK_FUNCTION_EXISTS=pthread_create    -rdynamic CMakeFiles/cmTC_c4824.dir/CheckFunctionExists.c.o  -o cmTC_c4824 -lpthreads 
/usr/bin/x86_64-linux-gnu-ld: cannot find -lpthreads
collect2: error: ld returned 1 exit status
CMakeFiles/cmTC_c4824.dir/build.make:97: recipe for target 'cmTC_c4824' failed
make[1]: *** [cmTC_c4824] Error 1
make[1]: Leaving directory '/home/fabrizio/Documents/Progetto_HPC/build/CMakeFiles/CMakeTmp'
Makefile:126: recipe for target 'cmTC_c4824/fast' failed
make: *** [cmTC_c4824/fast] Error 2


